2022-01-24 08:13:09.902  INFO 5571 --- [main] c.e.f.SpringbootJpaExerApplication       : Starting SpringbootJpaExerApplication using Java 11.0.13 on vignesh-Vostro-3581 with PID 5571 (/home/vignesh/Desktop/git/library/springboot-jpa-exer/target/classes started by vignesh in /home/vignesh/Desktop/git/library/springboot-jpa-exer)
2022-01-24 08:13:09.940  INFO 5571 --- [main] c.e.f.SpringbootJpaExerApplication       : No active profile set, falling back to default profiles: default
2022-01-24 08:13:13.590  INFO 5571 --- [main] .s.d.r.c.RepositoryConfigurationDelegate : Bootstrapping Spring Data JPA repositories in DEFAULT mode.
2022-01-24 08:13:13.664  INFO 5571 --- [main] .s.d.r.c.RepositoryConfigurationDelegate : Finished Spring Data repository scanning in 40 ms. Found 1 JPA repository interfaces.
2022-01-24 08:13:14.777  INFO 5571 --- [main] o.s.b.w.embedded.tomcat.TomcatWebServer  : Tomcat initialized with port(s): 7005 (http)
2022-01-24 08:13:14.785  INFO 5571 --- [main] o.apache.catalina.core.StandardService   : Starting service [Tomcat]
2022-01-24 08:13:14.785  INFO 5571 --- [main] org.apache.catalina.core.StandardEngine  : Starting Servlet engine: [Apache Tomcat/9.0.56]
2022-01-24 08:13:14.787  WARN 5571 --- [main] o.a.catalina.core.AprLifecycleListener   : This listener must only be nested within Server elements, but is in [TomcatEmbeddedContext].
2022-01-24 08:13:14.787  INFO 5571 --- [main] o.a.catalina.core.AprLifecycleListener   : An older version [1.2.26] of the Apache Tomcat Native library is installed, while Tomcat recommends a minimum version of [1.2.30]
2022-01-24 08:13:14.788  INFO 5571 --- [main] o.a.catalina.core.AprLifecycleListener   : Loaded Apache Tomcat Native library [1.2.26] using APR version [1.7.0].
2022-01-24 08:13:14.788  INFO 5571 --- [main] o.a.catalina.core.AprLifecycleListener   : APR capabilities: IPv6 [true], sendfile [true], accept filters [false], random [true], UDS [true].
2022-01-24 08:13:14.788  INFO 5571 --- [main] o.a.catalina.core.AprLifecycleListener   : APR/OpenSSL configuration: useAprConnector [false], useOpenSSL [true]
2022-01-24 08:13:14.843  INFO 5571 --- [main] o.a.catalina.core.AprLifecycleListener   : OpenSSL successfully initialized [OpenSSL 1.1.1l  24 Aug 2021]
2022-01-24 08:13:15.000  INFO 5571 --- [main] o.a.c.c.C.[.[localhost].[/library]       : Initializing Spring embedded WebApplicationContext
2022-01-24 08:13:15.000  INFO 5571 --- [main] w.s.c.ServletWebServerApplicationContext : Root WebApplicationContext: initialization completed in 4927 ms
2022-01-24 08:13:15.196  INFO 5571 --- [main] com.zaxxer.hikari.HikariDataSource       : HikariPool-1 - Starting...
2022-01-24 08:13:17.428  INFO 5571 --- [main] com.zaxxer.hikari.HikariDataSource       : HikariPool-1 - Start completed.
2022-01-24 08:13:17.598  INFO 5571 --- [main] o.hibernate.jpa.internal.util.LogHelper  : HHH000204: Processing PersistenceUnitInfo [name: default]
2022-01-24 08:13:17.819  INFO 5571 --- [main] org.hibernate.Version                    : HHH000412: Hibernate ORM core version 5.6.3.Final
2022-01-24 08:13:18.247  INFO 5571 --- [main] o.hibernate.annotations.common.Version   : HCANN000001: Hibernate Commons Annotations {5.1.2.Final}
2022-01-24 08:13:18.413  INFO 5571 --- [main] org.hibernate.dialect.Dialect            : HHH000400: Using dialect: org.hibernate.dialect.MySQL8Dialect
2022-01-24 08:13:18.897  INFO 5571 --- [main] o.h.e.t.j.p.i.JtaPlatformInitiator       : HHH000490: Using JtaPlatform implementation: [org.hibernate.engine.transaction.jta.platform.internal.NoJtaPlatform]
2022-01-24 08:13:18.905  INFO 5571 --- [main] j.LocalContainerEntityManagerFactoryBean : Initialized JPA EntityManagerFactory for persistence unit 'default'
2022-01-24 08:13:19.622  WARN 5571 --- [main] JpaBaseConfiguration$JpaWebConfiguration : spring.jpa.open-in-view is enabled by default. Therefore, database queries may be performed during view rendering. Explicitly configure spring.jpa.open-in-view to disable this warning
2022-01-24 08:13:20.088  WARN 5571 --- [main] ion$DefaultTemplateResolverConfiguration : Cannot find template location: classpath:/templates/ (please add some templates or check your Thymeleaf configuration)
2022-01-24 08:13:20.321  INFO 5571 --- [main] o.s.b.w.embedded.tomcat.TomcatWebServer  : Tomcat started on port(s): 7005 (http) with context path '/library'
2022-01-24 08:13:20.349  INFO 5571 --- [main] c.e.f.SpringbootJpaExerApplication       : Started SpringbootJpaExerApplication in 11.14 seconds (JVM running for 13.521)
2022-01-24 08:14:37.798  INFO 5571 --- [http-nio-7005-exec-1] o.a.c.c.C.[.[localhost].[/library]       : Initializing Spring DispatcherServlet 'dispatcherServlet'
2022-01-24 08:14:37.801  INFO 5571 --- [http-nio-7005-exec-1] o.s.web.servlet.DispatcherServlet        : Initializing Servlet 'dispatcherServlet'
2022-01-24 08:14:37.805  INFO 5571 --- [http-nio-7005-exec-1] o.s.web.servlet.DispatcherServlet        : Completed initialization in 3 ms
2022-01-24 08:14:38.426  INFO 5571 --- [http-nio-7005-exec-1] c.e.firstapp.controller.Bookscontroller  : the getbook is triggered
2022-01-24 08:27:38.012  INFO 5571 --- [RMI TCP Connection(2)-127.0.0.1] inMXBeanRegistrar$SpringApplicationAdmin : Application shutdown requested.
2022-01-24 08:27:38.134  INFO 5571 --- [RMI TCP Connection(2)-127.0.0.1] j.LocalContainerEntityManagerFactoryBean : Closing JPA EntityManagerFactory for persistence unit 'default'
2022-01-24 08:27:38.155  INFO 5571 --- [RMI TCP Connection(2)-127.0.0.1] com.zaxxer.hikari.HikariDataSource       : HikariPool-1 - Shutdown initiated...
2022-01-24 08:27:38.249  INFO 5571 --- [RMI TCP Connection(2)-127.0.0.1] com.zaxxer.hikari.HikariDataSource       : HikariPool-1 - Shutdown completed.
2022-01-24 08:43:38.720  INFO 6681 --- [main] c.e.f.SpringbootJpaExerApplication       : Starting SpringbootJpaExerApplication using Java 11.0.13 on vignesh-Vostro-3581 with PID 6681 (/home/vignesh/Desktop/git/library/springboot-jpa-exer/target/classes started by vignesh in /home/vignesh/Desktop/git/library/springboot-jpa-exer)
2022-01-24 08:43:38.740  INFO 6681 --- [main] c.e.f.SpringbootJpaExerApplication       : No active profile set, falling back to default profiles: default
2022-01-24 08:43:40.442  INFO 6681 --- [main] .s.d.r.c.RepositoryConfigurationDelegate : Bootstrapping Spring Data JPA repositories in DEFAULT mode.
2022-01-24 08:43:40.537  INFO 6681 --- [main] .s.d.r.c.RepositoryConfigurationDelegate : Finished Spring Data repository scanning in 48 ms. Found 1 JPA repository interfaces.
2022-01-24 08:43:41.252  INFO 6681 --- [main] o.s.b.w.embedded.tomcat.TomcatWebServer  : Tomcat initialized with port(s): 7005 (http)
2022-01-24 08:43:41.261  INFO 6681 --- [main] o.apache.catalina.core.StandardService   : Starting service [Tomcat]
2022-01-24 08:43:41.262  INFO 6681 --- [main] org.apache.catalina.core.StandardEngine  : Starting Servlet engine: [Apache Tomcat/9.0.56]
2022-01-24 08:43:41.264  WARN 6681 --- [main] o.a.catalina.core.AprLifecycleListener   : This listener must only be nested within Server elements, but is in [TomcatEmbeddedContext].
2022-01-24 08:43:41.264  INFO 6681 --- [main] o.a.catalina.core.AprLifecycleListener   : An older version [1.2.26] of the Apache Tomcat Native library is installed, while Tomcat recommends a minimum version of [1.2.30]
2022-01-24 08:43:41.265  INFO 6681 --- [main] o.a.catalina.core.AprLifecycleListener   : Loaded Apache Tomcat Native library [1.2.26] using APR version [1.7.0].
2022-01-24 08:43:41.265  INFO 6681 --- [main] o.a.catalina.core.AprLifecycleListener   : APR capabilities: IPv6 [true], sendfile [true], accept filters [false], random [true], UDS [true].
2022-01-24 08:43:41.265  INFO 6681 --- [main] o.a.catalina.core.AprLifecycleListener   : APR/OpenSSL configuration: useAprConnector [false], useOpenSSL [true]
2022-01-24 08:43:41.317  INFO 6681 --- [main] o.a.catalina.core.AprLifecycleListener   : OpenSSL successfully initialized [OpenSSL 1.1.1l  24 Aug 2021]
2022-01-24 08:43:41.442  INFO 6681 --- [main] o.a.c.c.C.[.[localhost].[/library]       : Initializing Spring embedded WebApplicationContext
2022-01-24 08:43:41.443  INFO 6681 --- [main] w.s.c.ServletWebServerApplicationContext : Root WebApplicationContext: initialization completed in 2506 ms
2022-01-24 08:43:41.598  INFO 6681 --- [main] com.zaxxer.hikari.HikariDataSource       : HikariPool-1 - Starting...
2022-01-24 08:43:42.647  INFO 6681 --- [main] com.zaxxer.hikari.HikariDataSource       : HikariPool-1 - Start completed.
2022-01-24 08:43:42.730  INFO 6681 --- [main] o.hibernate.jpa.internal.util.LogHelper  : HHH000204: Processing PersistenceUnitInfo [name: default]
2022-01-24 08:43:42.868  INFO 6681 --- [main] org.hibernate.Version                    : HHH000412: Hibernate ORM core version 5.6.3.Final
2022-01-24 08:43:43.395  INFO 6681 --- [main] o.hibernate.annotations.common.Version   : HCANN000001: Hibernate Commons Annotations {5.1.2.Final}
2022-01-24 08:43:43.563  INFO 6681 --- [main] org.hibernate.dialect.Dialect            : HHH000400: Using dialect: org.hibernate.dialect.MySQL8Dialect
2022-01-24 08:43:46.727  INFO 6681 --- [main] o.h.e.t.j.p.i.JtaPlatformInitiator       : HHH000490: Using JtaPlatform implementation: [org.hibernate.engine.transaction.jta.platform.internal.NoJtaPlatform]
2022-01-24 08:43:46.734  INFO 6681 --- [main] j.LocalContainerEntityManagerFactoryBean : Initialized JPA EntityManagerFactory for persistence unit 'default'
2022-01-24 08:43:47.465  WARN 6681 --- [main] JpaBaseConfiguration$JpaWebConfiguration : spring.jpa.open-in-view is enabled by default. Therefore, database queries may be performed during view rendering. Explicitly configure spring.jpa.open-in-view to disable this warning
2022-01-24 08:43:47.835  WARN 6681 --- [main] ion$DefaultTemplateResolverConfiguration : Cannot find template location: classpath:/templates/ (please add some templates or check your Thymeleaf configuration)
2022-01-24 08:43:48.009  INFO 6681 --- [main] o.s.b.w.embedded.tomcat.TomcatWebServer  : Tomcat started on port(s): 7005 (http) with context path '/library'
2022-01-24 08:43:48.031  INFO 6681 --- [main] c.e.f.SpringbootJpaExerApplication       : Started SpringbootJpaExerApplication in 9.876 seconds (JVM running for 12.676)
2022-01-24 08:44:09.121  INFO 6681 --- [http-nio-7005-exec-1] o.a.c.c.C.[.[localhost].[/library]       : Initializing Spring DispatcherServlet 'dispatcherServlet'
2022-01-24 08:44:09.122  INFO 6681 --- [http-nio-7005-exec-1] o.s.web.servlet.DispatcherServlet        : Initializing Servlet 'dispatcherServlet'
2022-01-24 08:44:09.125  INFO 6681 --- [http-nio-7005-exec-1] o.s.web.servlet.DispatcherServlet        : Completed initialization in 3 ms
2022-01-24 08:44:09.286  INFO 6681 --- [http-nio-7005-exec-1] c.e.firstapp.controller.Bookscontroller  : the getbook is triggered
